Converted and overwritten: /home/guest/b09705011/mnt/pseudo_label/TKstorytw/7rtnIbor2RA.csv
Converted and overwritten: /home/guest/b09705011/mnt/pseudo_label/TKstorytw/bEJkm8Z1reM.csv
Converted and overwritten: /home/guest/b09705011/mnt/pseudo_label/TKstorytw/AQBPFmcwGjo.csv
Converted and overwritten: /home/guest/b09705011/mnt/pseudo_label/TKstorytw/Be8bz-JJpoQ.csv
Converted and overwritten: /home/guest/b09705011/mnt/pseudo_label/TKstorytw/0UXTCR0Rjco.csv
Converted and overwritten: /home/guest/b09705011/mnt/pseudo_label/Awater/_cSJtwJq3D0.csv
Converted and overwritten: /home/guest/b09705011/mnt/pseudo_label/Awater/_UhH02mDsaE.csv
Converted and overwritten: /home/guest/b09705011/mnt/pseudo_label/Awater/_YGJhT3Luo8.csv
Converted and overwritten: /home/guest/b09705011/mnt/pseudo_label/Awater/_HyE_2DAe10.csv
Converted and overwritten: /home/guest/b09705011/mnt/pseudo_label/FTV_selected_seq/__9N8mzmiZ0.csv
Converted and overwritten: /home/guest/b09705011/mnt/pseudo_label/makingsashimi/q6w4hVLjBtU.csv
Converted and overwritten: /home/guest/b09705011/mnt/pseudo_label/makingsashimi/6Yt4vVWIKi0.csv
Converted and overwritten: /home/guest/b09705011/mnt/pseudo_label/makingsashimi/v5DLdtuC8l4.csv
Converted and overwritten: /home/guest/b09705011/mnt/pseudo_label/makingsashimi/2JpHZPWXvuw.csv
Converted and overwritten: /home/guest/b09705011/mnt/pseudo_label/makingsashimi/x-XlNykTr5Y.csv
Converted and overwritten: /home/guest/b09705011/mnt/pseudo_label/makingsashimi/l8C5YaE31AM.csv
Converted and overwritten: /home/guest/b09705011/mnt/pseudo_label/makingsashimi/J2U0qBPYFgY.csv
Converted and overwritten: /home/guest/b09705011/mnt/pseudo_label/makingsashimi/ToUQya6Im-g.csv
Converted and overwritten: /home/guest/b09705011/mnt/pseudo_label/makingsashimi/oVXrv5U7Fo0.csv
Converted and overwritten: /home/guest/b09705011/mnt/pseudo_label/makingsashimi/0EBocgLa2lA.csv
Converted and overwritten: /home/guest/b09705011/mnt/pseudo_label/makingsashimi/OMyZ8V12wIs.csv
Converted and overwritten: /home/guest/b09705011/mnt/pseudo_label/makingsashimi/3619cJUwqow.csv
Converted and overwritten: /home/guest/b09705011/mnt/pseudo_label/makingsashimi/vcTCNvr40gc.csv
Converted and overwritten: /home/guest/b09705011/mnt/pseudo_label/makingsashimi/tEtyjAXTKOA.csv
Converted and overwritten: /home/guest/b09705011/mnt/pseudo_label/makingsashimi/6iVIhGE9aWU.csv
Converted and overwritten: /home/guest/b09705011/mnt/pseudo_label/makingsashimi/ei-LjEm1VK4.csv
Converted and overwritten: /home/guest/b09705011/mnt/pseudo_label/makingsashimi/ynQr4CnWMIs.csv
Converted and overwritten: /home/guest/b09705011/mnt/pseudo_label/makingsashimi/37YtZU9vRDg.csv
Converted and overwritten: /home/guest/b09705011/mnt/pseudo_label/makingsashimi/KDTv4qtiX1c.csv
Converted and overwritten: /home/guest/b09705011/mnt/pseudo_label/makingsashimi/-a3zAb6v8Q4.csv
Converted and overwritten: /home/guest/b09705011/mnt/pseudo_label/makingsashimi/oAd7w8dGCig.csv
Converted and overwritten: /home/guest/b09705011/mnt/pseudo_label/makingsashimi/zNV9qS3qap0.csv
Converted and overwritten: /home/guest/b09705011/mnt/pseudo_label/makingsashimi/0wkAfEn8C4I.csv
Converted and overwritten: /home/guest/b09705011/mnt/pseudo_label/makingsashimi/q5zqiNAEYug.csv
Converted and overwritten: /home/guest/b09705011/mnt/pseudo_label/makingsashimi/QoXDJ6dbnPM.csv
Converted and overwritten: /home/guest/b09705011/mnt/pseudo_label/makingsashimi/taexxotQlgU.csv
Converted and overwritten: /home/guest/b09705011/mnt/pseudo_label/makingsashimi/aO_YwvzBfdU.csv
Converted and overwritten: /home/guest/b09705011/mnt/pseudo_label/makingsashimi/qD7HFg78InY.csv
Converted and overwritten: /home/guest/b09705011/mnt/pseudo_label/makingsashimi/TkKOOldq2kU.csv
Converted and overwritten: /home/guest/b09705011/mnt/pseudo_label/makingsashimi/TZNwyZCYnec.csv
Converted and overwritten: /home/guest/b09705011/mnt/pseudo_label/makingsashimi/zUYJD_4rDa0.csv
Converted and overwritten: /home/guest/b09705011/mnt/pseudo_label/makingsashimi/FDAEi3hElLA.csv
Converted and overwritten: /home/guest/b09705011/mnt/pseudo_label/makingsashimi/oeHgu3qFvm8.csv
Converted and overwritten: /home/guest/b09705011/mnt/pseudo_label/makingsashimi/HWSZ9Vm9k_A.csv
Converted and overwritten: /home/guest/b09705011/mnt/pseudo_label/makingsashimi/Z9P970wS2Ts.csv
Converted and overwritten: /home/guest/b09705011/mnt/pseudo_label/makingsashimi/2r1WLoQOw0o.csv
Converted and overwritten: /home/guest/b09705011/mnt/pseudo_label/makingsashimi/JGb7bX_bE-8.csv
Converted and overwritten: /home/guest/b09705011/mnt/pseudo_label/makingsashimi/bEMx9mRN06A.csv
Converted and overwritten: /home/guest/b09705011/mnt/pseudo_label/makingsashimi/YdfTTD72_U0.csv
Converted and overwritten: /home/guest/b09705011/mnt/pseudo_label/makingsashimi/KupR1qq9L5A.csv
Converted and overwritten: /home/guest/b09705011/mnt/pseudo_label/makingsashimi/kA_3rEPBCPg.csv
Converted and overwritten: /home/guest/b09705011/mnt/pseudo_label/makingsashimi/h5sZDCrTNtY.csv
Converted and overwritten: /home/guest/b09705011/mnt/pseudo_label/makingsashimi/HVRYqzFgrro.csv
Converted and overwritten: /home/guest/b09705011/mnt/pseudo_label/makingsashimi/txSM2e_DhTI.csv
Converted and overwritten: /home/guest/b09705011/mnt/pseudo_label/makingsashimi/c0Qev2zeh88.csv
Converted and overwritten: /home/guest/b09705011/mnt/pseudo_label/makingsashimi/zTpuHxKp9ys.csv
Converted and overwritten: /home/guest/b09705011/mnt/pseudo_label/makingsashimi/ICH9_t_UqO8.csv
Converted and overwritten: /home/guest/b09705011/mnt/pseudo_label/makingsashimi/uC-qdNSN5t4.csv
Converted and overwritten: /home/guest/b09705011/mnt/pseudo_label/makingsashimi/Ykk5am_pe70.csv
Converted and overwritten: /home/guest/b09705011/mnt/pseudo_label/makingsashimi/0wR-bDChr0s.csv
Converted and overwritten: /home/guest/b09705011/mnt/pseudo_label/makingsashimi/pLDRrt63SBc.csv
Converted and overwritten: /home/guest/b09705011/mnt/pseudo_label/makingsashimi/2hhF2648L4M.csv
Converted and overwritten: /home/guest/b09705011/mnt/pseudo_label/makingsashimi/zgRzqxfxgtc.csv
Converted and overwritten: /home/guest/b09705011/mnt/pseudo_label/makingsashimi/QVSy0gOHNic.csv
Converted and overwritten: /home/guest/b09705011/mnt/pseudo_label/makingsashimi/s5-5wAj7FGA.csv
Converted and overwritten: /home/guest/b09705011/mnt/pseudo_label/makingsashimi/DuTbdEfkGGI.csv
Converted and overwritten: /home/guest/b09705011/mnt/pseudo_label/makingsashimi/buIZDJ-Gwxs.csv
Converted and overwritten: /home/guest/b09705011/mnt/pseudo_label/makingsashimi/R2Uk69v07V4.csv
Converted and overwritten: /home/guest/b09705011/mnt/pseudo_label/makingsashimi/u1QGetBp6F4.csv
Converted and overwritten: /home/guest/b09705011/mnt/pseudo_label/makingsashimi/rmg79Xohgk4.csv
Converted and overwritten: /home/guest/b09705011/mnt/pseudo_label/makingsashimi/oIkwFtG0aBY.csv
Converted and overwritten: /home/guest/b09705011/mnt/pseudo_label/makingsashimi/bFF5AG9aVD0.csv
Converted and overwritten: /home/guest/b09705011/mnt/pseudo_label/makingsashimi/S5WR4pOhSgI.csv
Converted and overwritten: /home/guest/b09705011/mnt/pseudo_label/makingsashimi/WKvti3pSNoQ.csv
Converted and overwritten: /home/guest/b09705011/mnt/pseudo_label/makingsashimi/4JK-qOJgZ8o.csv
Converted and overwritten: /home/guest/b09705011/mnt/pseudo_label/makingsashimi/4MF7O24zPHY.csv
Converted and overwritten: /home/guest/b09705011/mnt/pseudo_label/makingsashimi/YIG1bPOmpRU.csv
Converted and overwritten: /home/guest/b09705011/mnt/pseudo_label/makingsashimi/BCOlKrIGoxU.csv
Converted and overwritten: /home/guest/b09705011/mnt/pseudo_label/makingsashimi/dtyOzbDAGxI.csv
Converted and overwritten: /home/guest/b09705011/mnt/pseudo_label/makingsashimi/XCbnJe4QvPI.csv
Converted and overwritten: /home/guest/b09705011/mnt/pseudo_label/makingsashimi/RaVOA4ttVoQ.csv
Converted and overwritten: /home/guest/b09705011/mnt/pseudo_label/makingsashimi/wYh-UzlVM3M.csv
Converted and overwritten: /home/guest/b09705011/mnt/pseudo_label/makingsashimi/HVLbH5ipC4o.csv
Converted and overwritten: /home/guest/b09705011/mnt/pseudo_label/makingsashimi/FL47qaiMzZA.csv
Converted and overwritten: /home/guest/b09705011/mnt/pseudo_label/makingsashimi/Ha4tgiBfcH4.csv
Converted and overwritten: /home/guest/b09705011/mnt/pseudo_label/makingsashimi/lJSc048Y21E.csv
Converted and overwritten: /home/guest/b09705011/mnt/pseudo_label/makingsashimi/MKdvHnTk0xs.csv
Converted and overwritten: /home/guest/b09705011/mnt/pseudo_label/makingsashimi/JRRetX2ex98.csv
Converted and overwritten: /home/guest/b09705011/mnt/pseudo_label/makingsashimi/YyR2ittBDd0.csv
Converted and overwritten: /home/guest/b09705011/mnt/pseudo_label/makingsashimi/-tCEKZlhp58.csv
Converted and overwritten: /home/guest/b09705011/mnt/pseudo_label/makingsashimi/oVakGncZ4bo.csv
Converted and overwritten: /home/guest/b09705011/mnt/pseudo_label/makingsashimi/Pb8NgAjYxoI.csv
Converted and overwritten: /home/guest/b09705011/mnt/pseudo_label/makingsashimi/xlYFCPnPYL8.csv
Converted and overwritten: /home/guest/b09705011/mnt/pseudo_label/makingsashimi/oPqZ422XNDg.csv
Converted and overwritten: /home/guest/b09705011/mnt/pseudo_label/makingsashimi/xxo7iOXe5og.csv
Converted and overwritten: /home/guest/b09705011/mnt/pseudo_label/makingsashimi/FRg_-psotm0.csv
Converted and overwritten: /home/guest/b09705011/mnt/pseudo_label/makingsashimi/bxXC6we_fvA.csv
Converted and overwritten: /home/guest/b09705011/mnt/pseudo_label/makingsashimi/FXSMF9HoVzw.csv
Converted and overwritten: /home/guest/b09705011/mnt/pseudo_label/FTV_selected/_-L4KpvYZpA.csv
Converted and overwritten: /home/guest/b09705011/mnt/pseudo_label/FTV_selected/_1FXW8RneKA.csv
Converted and overwritten: /home/guest/b09705011/mnt/pseudo_label/FTV_selected/_-8XDsqLGwQ.csv
Converted and overwritten: /home/guest/b09705011/mnt/pseudo_label/FTV_selected/_-Aio3pMpkA.csv
Converted and overwritten: /home/guest/b09705011/mnt/pseudo_label/FTV_selected/_1HNfCR8pOM.csv
Converted and overwritten: /home/guest/b09705011/mnt/pseudo_label/FTV_selected/__ob4PLXPnw.csv
Converted and overwritten: /home/guest/b09705011/mnt/pseudo_label/FTV_selected/_0wsn_P-jME.csv
Converted and overwritten: /home/guest/b09705011/mnt/pseudo_label/FTV_selected/_-ZtSeipuos.csv
Converted and overwritten: /home/guest/b09705011/mnt/pseudo_label/FTV_selected/__44eDrKWXI.csv
Converted and overwritten: /home/guest/b09705011/mnt/pseudo_label/FTV_selected/_0OUGMn34kc.csv
Converted and overwritten: /home/guest/b09705011/mnt/pseudo_label/FTV_selected/_-DjyyYp6zI.csv
Converted and overwritten: /home/guest/b09705011/mnt/pseudo_label/FTV_selected/_0zQ0gaAdeU.csv
Converted and overwritten: /home/guest/b09705011/mnt/pseudo_label/FTV_selected/__9N8mzmiZ0.csv
Converted and overwritten: /home/guest/b09705011/mnt/pseudo_label/withmoney/0jIyMQ7vOrA.csv
Converted and overwritten: /home/guest/b09705011/mnt/pseudo_label/withmoney/zjWMXERyA44.csv
Converted and overwritten: /home/guest/b09705011/mnt/pseudo_label/withmoney/1q8AOdVd5tI.csv
Converted and overwritten: /home/guest/b09705011/mnt/pseudo_label/withmoney/Zmn_5sZopPI.csv
